<?xml version="1.0" encoding="UTF-8"?>
<!-- Generated by org.testng.reporters.JUnitXMLReporter -->
<testsuite ignored="0" hostname="DESKTOP-UBC2RB5" failures="0" tests="6" name="Default test" time="22.779" errors="0" timestamp="2022-11-29T22:18:19 IST">
  <testcase classname="NMMS2022_23Login_Test.NMMS_Login_Test" name="veriftybtn1" time="2.247"/>
  <testcase classname="NMMS2022_23Login_Test.NMMS_Login_Test" name="verifybtn2" time="0.228"/>
  <testcase classname="NMMS2022_23Login_Test.NMMS_Login_Test" name="verifybtnisenabled1" time="0.14"/>
  <testcase classname="NMMS2022_23Login_Test.NMMS_Login_Test" name="verifybtnisenabled2" time="0.071"/>
  <testcase classname="NMMS2022_23Login_Test.NMMS_Login_Test" name="clickonnmms22_23" time="4.979"/>
  <testcase classname="NMMS2022_23Login_Test.NMMS_Login_Test" name="verifybtntxtstatus" time="0.242"/>
</testsuite> <!-- Default test -->
